[debug] [2017-07-18T07:45:01.189Z] ----------------------------------------------------------------------
[debug] [2017-07-18T07:45:01.191Z] Command:      /usr/local/bin/node /usr/local/bin/firebase init
[debug] [2017-07-18T07:45:01.192Z] CLI Version:  3.9.1
[debug] [2017-07-18T07:45:01.192Z] Platform:     darwin
[debug] [2017-07-18T07:45:01.192Z] Node Version: v8.1.0
[debug] [2017-07-18T07:45:01.192Z] Time:         Tue Jul 18 2017 00:45:01 GMT-0700 (PDT)
[debug] [2017-07-18T07:45:01.192Z] ----------------------------------------------------------------------
[debug] 
[debug] [2017-07-18T07:45:01.200Z] > command requires scopes: ["email","openid","https://www.googleapis.com/auth/cloudplatformprojects.readonly","https://www.googleapis.com/auth/firebase"]
[debug] [2017-07-18T07:45:01.201Z] > authorizing via signed-in user
[info] 
     🔥🔥🔥🔥🔥🔥🔥🔥 🔥🔥🔥🔥 🔥🔥🔥🔥🔥🔥🔥🔥  🔥🔥🔥🔥🔥🔥🔥🔥 🔥🔥🔥🔥🔥🔥🔥🔥     🔥🔥🔥     🔥🔥🔥🔥🔥🔥  🔥🔥🔥🔥🔥🔥🔥🔥
     🔥🔥        🔥🔥  🔥🔥     🔥🔥 🔥🔥       🔥🔥     🔥🔥  🔥🔥   🔥🔥  🔥🔥       🔥🔥
     🔥🔥🔥🔥🔥🔥    🔥🔥  🔥🔥🔥🔥🔥🔥🔥🔥  🔥🔥🔥🔥🔥🔥   🔥🔥🔥🔥🔥🔥🔥🔥  🔥🔥🔥🔥🔥🔥🔥🔥🔥  🔥🔥🔥🔥🔥🔥  🔥🔥🔥🔥🔥🔥
     🔥🔥        🔥🔥  🔥🔥    🔥🔥  🔥🔥       🔥🔥     🔥🔥 🔥🔥     🔥🔥       🔥🔥 🔥🔥
     🔥🔥       🔥🔥🔥🔥 🔥🔥     🔥🔥 🔥🔥🔥🔥🔥🔥🔥🔥 🔥🔥🔥🔥🔥🔥🔥🔥  🔥🔥     🔥🔥  🔥🔥🔥🔥🔥🔥  🔥🔥🔥🔥🔥🔥🔥🔥

You're about to initialize a Firebase project in this directory:

  /Users/Yeondam/Desktop/poke-parlor-1

[warn] ⚠  You have have not selected any features. Continuing will simply associate this folder with a Firebase project. Press Ctrl + C if you want to start over.
[info] 
=== Project Setup
[info] 
[info] First, let's associate this project directory with a Firebase project.
[info] You can create multiple project aliases by running firebase use --add, 
[info] but for now we'll just set up a default project.
[info] 
[debug] [2017-07-18T07:45:07.207Z] >>> HTTP REQUEST GET https://admin.firebase.com/v1/projects  
 Tue Jul 18 2017 00:45:07 GMT-0700 (PDT)
[debug] [2017-07-18T07:45:08.228Z] <<< HTTP RESPONSE 200
